<?xml version="1.0" encoding="UTF-8"?>
<!-- Generated by org.testng.reporters.JUnitReportReporter -->
<testsuite hostname="D-113124333" failures="0" tests="3" name="com.wipro.testcases.ValidateMenu" time="24.446" errors="0" timestamp="2023-03-03T12:30:40 IST" skipped="0">
  <testcase classname="com.wipro.testcases.ValidateMenu" name="loginTest" time="4.635"/>
  <system-out/>
  <testcase classname="com.wipro.testcases.ValidateMenu" name="validateMenuTest" time="13.297"/>
  <system-out/>
  <testcase classname="com.wipro.testcases.ValidateMenu" name="logOut" time="6.514"/>
  <system-out/>
</testsuite> <!-- com.wipro.testcases.ValidateMenu -->
