<?xml version="1.0" encoding="UTF-8"?>
<!-- Generated by org.testng.reporters.JUnitReportReporter -->
<testsuite hostname="D-113124333" failures="0" tests="3" name="com.wipro.testcases.PlaceOrder" time="66.448" errors="0" timestamp="2023-03-03T12:30:40 IST" skipped="0">
  <testcase classname="com.wipro.testcases.PlaceOrder" name="loginTest" time="4.768"/>
  <system-out/>
  <testcase classname="com.wipro.testcases.PlaceOrder" name="selectProduct" time="54.207"/>
  <system-out/>
  <testcase classname="com.wipro.testcases.PlaceOrder" name="logOut" time="7.473"/>
  <system-out/>
</testsuite> <!-- com.wipro.testcases.PlaceOrder -->
