<?xml version="1.0" encoding="UTF-8"?>
<!-- Generated by org.testng.reporters.JUnitReportReporter -->
<testsuite hostname="D-113124333" failures="0" tests="1" name="com.wipro.testcases.AddAddress" time="35.816" errors="0" timestamp="2023-03-03T12:30:40 IST" skipped="0">
  <testcase classname="com.wipro.testcases.AddAddress" name="runScenario" time="35.816"/>
  <system-out/>
</testsuite> <!-- com.wipro.testcases.AddAddress -->
