<?xml version="1.0" encoding="UTF-8"?>
<!-- Generated by org.testng.reporters.JUnitReportReporter -->
<testsuite hostname="D-113124333" failures="0" tests="3" name="com.wipro.testcases.ValidateMenu" time="25.548" errors="0" timestamp="2023-03-06T14:21:42 IST" skipped="0">
  <testcase classname="com.wipro.testcases.ValidateMenu" name="loginTest" time="5.089"/>
  <system-out/>
  <testcase classname="com.wipro.testcases.ValidateMenu" name="validateMenuTest" time="13.762"/>
  <system-out/>
  <testcase classname="com.wipro.testcases.ValidateMenu" name="logOut" time="6.697"/>
  <system-out/>
</testsuite> <!-- com.wipro.testcases.ValidateMenu -->
