<?xml version="1.0" encoding="UTF-8"?>
<!-- Generated by org.testng.reporters.JUnitReportReporter -->
<testsuite hostname="D-113124333" failures="0" tests="1" name="com.wipro.testcases.Registration" time="8.232" errors="0" timestamp="2023-03-06T14:21:42 IST" skipped="0">
  <testcase classname="com.wipro.testcases.Registration" name="register" time="8.232"/>
  <system-out/>
</testsuite> <!-- com.wipro.testcases.Registration -->
