<?xml version="1.0" encoding="UTF-8"?>
<!-- Generated by org.testng.reporters.JUnitReportReporter -->
<testsuite hostname="D-113124333" failures="0" tests="8" name="com.wipro.testcases.PlaceOrder" time="57.065" errors="0" timestamp="2023-03-06T14:21:42 IST" skipped="0">
  <testcase classname="com.wipro.testcases.PlaceOrder" name="loginTest" time="4.806"/>
  <system-out/>
  <testcase classname="com.wipro.testcases.PlaceOrder" name="selectDesktopTest" time="6.531"/>
  <system-out/>
  <testcase classname="com.wipro.testcases.PlaceOrder" name="addToCartTest" time="20.100"/>
  <system-out/>
  <testcase classname="com.wipro.testcases.PlaceOrder" name="clickShoppingCartTest" time="3.095"/>
  <system-out/>
  <testcase classname="com.wipro.testcases.PlaceOrder" name="clickCheckoutTest" time="8.747"/>
  <system-out/>
  <testcase classname="com.wipro.testcases.PlaceOrder" name="makePaymentTest" time="6.194"/>
  <system-out/>
  <testcase classname="com.wipro.testcases.PlaceOrder" name="clickConfirmTest" time="1.181"/>
  <system-out/>
  <testcase classname="com.wipro.testcases.PlaceOrder" name="valiadteLogout" time="6.411"/>
  <system-out/>
</testsuite> <!-- com.wipro.testcases.PlaceOrder -->
